<?xml version="1.0" encoding="UTF-8"?>
<testsuite name="com.bridgelabz.Maximumnumber.MaximumNumberTest" tests="1" skipped="0" failures="0" errors="0" timestamp="2019-11-28T12:02:21" hostname="admin105-desktop" time="0.002">
  <properties/>
  <testcase name="givenString_isMaximum_shouldReturnMaximum" classname="com.bridgelabz.Maximumnumber.MaximumNumberTest" time="0.002"/>
  <system-out><![CDATA[]]></system-out>
  <system-err><![CDATA[]]></system-err>
</testsuite>
