<?xml version="1.0" encoding="UTF-8"?>
<testsuite name="com.bridgelabz.Maximumnumber.MaximumNumberTest" tests="1" skipped="0" failures="0" errors="0" timestamp="2019-11-28T12:57:32" hostname="admin105-desktop" time="0.004">
  <properties/>
  <testcase name="givenString_isMaximum_shouldReturnMaximum" classname="com.bridgelabz.Maximumnumber.MaximumNumberTest" time="0.004"/>
  <system-out><![CDATA[maximum number is xyz
]]></system-out>
  <system-err><![CDATA[]]></system-err>
</testsuite>
