<?xml version="1.0" encoding="UTF-8"?>
<testsuite name="com.bridgelabz.Maximumnumber.MaximumNumberTest" tests="1" skipped="0" failures="0" errors="0" timestamp="2019-11-29T08:40:36" hostname="admin105-desktop" time="0.005">
  <properties/>
  <testcase name="giveNumber_isMaximum_shouldReturnMaxNumber" classname="com.bridgelabz.Maximumnumber.MaximumNumberTest" time="0.005"/>
  <system-out><![CDATA[maximum number is 70
]]></system-out>
  <system-err><![CDATA[]]></system-err>
</testsuite>
